<?xml version="1.0" encoding="utf-8"?><testsuites name="pytest tests"><testsuite name="pytest" errors="0" failures="0" skipped="2" tests="15" time="308.133" timestamp="2026-06-15T19:54:51.031904+08:00" hostname="DESKTOP-sin"><testcase classname="tests.e2e.test_diagnostic_nav" name="test_diagnostic_nav_semantics" time="46.512" /><testcase classname="tests.e2e.test_diagnostic_tab" name="test_diagnostic_all_tabs" time="20.761" /><testcase classname="tests.e2e.test_navigation" name="test_switch_to_settings" time="14.286" /><testcase classname="tests.e2e.test_navigation" name="test_switch_to_screener" time="14.499" /><testcase classname="tests.e2e.test_onboarding_wizard" name="test_wizard_renders_welcome" time="41.758" /><testcase classname="tests.e2e.test_onboarding_wizard" name="test_wizard_language_switch" time="27.214" /><testcase classname="tests.e2e.test_onboarding_wizard" name="test_wizard_forward_then_back" time="13.376" /><testcase classname="tests.e2e.test_onboarding_wizard" name="test_wizard_db_validation_failure" time="14.008" /><testcase classname="tests.e2e.test_onboarding_wizard" name="test_wizard_db_validation_success" time="18.254" /><testcase classname="tests.e2e.test_onboarding_wizard" name="test_wizard_full_happy_path" time="11.747"><skipped type="pytest.skip" message="需要真实 Tushare/LLM 凭证，仅本地/夜间运行">D:\workspace\Quantitative Trading\astock_screener\tests\e2e\test_onboarding_wizard.py:147: 需要真实 Tushare/LLM 凭证，仅本地/夜间运行</skipped></testcase><testcase classname="tests.e2e.test_screener_flow" name="test_screener_page_loads" time="14.341" /><testcase classname="tests.e2e.test_screener_flow" name="test_run_screener_strategy" time="0.002"><skipped type="pytest.skip" message="需确认策略选择控件的语义标签后再实现">D:\workspace\Quantitative Trading\astock_screener\tests\e2e\test_screener_flow.py:20: 需确认策略选择控件的语义标签后再实现</skipped></testcase><testcase classname="tests.e2e.test_settings_flow" name="test_settings_page_loads" time="17.659" /><testcase classname="tests.e2e.test_settings_flow" name="test_settings_theme_switch" time="37.954" /><testcase classname="tests.e2e.test_smoke" name="test_app_boots_and_shows_nav" time="15.099" /></testsuite></testsuites>